FuelID Android Studio/FuelID/build/outputs/logs/manifest-merger-debug-report.txt
-- Merging decision tree log ---
manifest
ADDED from FuelID Android Studio\FuelID\AndroidManifest.xml:2:1-110:12
	package
		ADDED from FuelID Android Studio\FuelID\AndroidManifest.xml:3:5-35
	android:versionName
		ADDED from FuelID Android Studio\FuelID\AndroidManifest.xml:5:5-30
		INJECTED from FuelID Android Studio\FuelID\AndroidManifest.xml
		INJECTED from FuelID Android Studio\FuelID\AndroidManifest.xml
	android:versionCode
		ADDED from FuelID Android Studio\FuelID\AndroidManifest.xml:4:5-28
		INJECTED from FuelID Android Studio\FuelID\AndroidManifest.xml
		INJECTED from FuelID Android Studio\FuelID\AndroidManifest.xml
	xmlns:android
		ADDED from FuelID Android Studio\FuelID\AndroidManifest.xml:2:11-69
uses-sdk
ADDED from FuelID Android Studio\FuelID\AndroidManifest.xml:7:5-9:41
MERGED from [FuelID Android Studio:android-support-v7-appcompat:unspecified] AndroidManifest.xml:20:5-43
	android:targetSdkVersion
		ADDED from FuelID Android Studio\FuelID\AndroidManifest.xml:9:9-38
	android:minSdkVersion
		ADDED from FuelID Android Studio\FuelID\AndroidManifest.xml:8:9-35
uses-feature#android.hardware.usb.accessory
ADDED from FuelID Android Studio\FuelID\AndroidManifest.xml:10:7-69
	android:name
		ADDED from FuelID Android Studio\FuelID\AndroidManifest.xml:10:21-66
uses-permission#android.permission.SYSTEM_ALERT_WINDOW
ADDED from FuelID Android Studio\FuelID\AndroidManifest.xml:11:9-82
	android:name
		ADDED from FuelID Android Studio\FuelID\AndroidManifest.xml:11:26-79
uses-permission#android.permission.INTERNET
ADDED from FuelID Android Studio\FuelID\AndroidManifest.xml:12:1-63
	android:name
		ADDED from FuelID Android Studio\FuelID\AndroidManifest.xml:12:18-60
uses-permission#android.permission.ACCESS_NETWORK_STATE
ADDED from FuelID Android Studio\FuelID\AndroidManifest.xml:13:1-75
	android:name
		ADDED from FuelID Android Studio\FuelID\AndroidManifest.xml:13:18-72
uses-permission#android.permission.WRITE_EXTERNAL_STORAGE
ADDED from FuelID Android Studio\FuelID\AndroidManifest.xml:14:1-77
	android:name
		ADDED from FuelID Android Studio\FuelID\AndroidManifest.xml:14:18-74
uses-permission#com.google.android.providers.gsf.permission.READ_GSERVICES
ADDED from FuelID Android Studio\FuelID\AndroidManifest.xml:15:1-94
	android:name
		ADDED from FuelID Android Studio\FuelID\AndroidManifest.xml:15:18-91
uses-permission#android.permission.ACCESS_COARSE_LOCATION
ADDED from FuelID Android Studio\FuelID\AndroidManifest.xml:16:1-77
	android:name
		ADDED from FuelID Android Studio\FuelID\AndroidManifest.xml:16:18-74
uses-permission#android.permission.SEND_SMS
ADDED from FuelID Android Studio\FuelID\AndroidManifest.xml:17:1-62
	android:name
		ADDED from FuelID Android Studio\FuelID\AndroidManifest.xml:17:18-60
uses-permission#android.permission.ACCESS_FINE_LOCATION
ADDED from FuelID Android Studio\FuelID\AndroidManifest.xml:18:1-75
	android:name
		ADDED from FuelID Android Studio\FuelID\AndroidManifest.xml:18:18-72
uses-permission#android.permission.VIBRATE
ADDED from FuelID Android Studio\FuelID\AndroidManifest.xml:19:1-61
	android:name
		ADDED from FuelID Android Studio\FuelID\AndroidManifest.xml:19:18-59
uses-permission#android.permission.WAKE_LOCK
ADDED from FuelID Android Studio\FuelID\AndroidManifest.xml:20:6-69
	android:name
		ADDED from FuelID Android Studio\FuelID\AndroidManifest.xml:20:23-66
supports-screens
ADDED from FuelID Android Studio\FuelID\AndroidManifest.xml:22:9-27:39
	android:largeScreens
		ADDED from FuelID Android Studio\FuelID\AndroidManifest.xml:25:9-36
	android:smallScreens
		ADDED from FuelID Android Studio\FuelID\AndroidManifest.xml:27:9-36
	android:normalScreens
		ADDED from FuelID Android Studio\FuelID\AndroidManifest.xml:26:9-37
	android:xlargeScreens
		ADDED from FuelID Android Studio\FuelID\AndroidManifest.xml:24:9-37
	android:anyDensity
		ADDED from FuelID Android Studio\FuelID\AndroidManifest.xml:23:9-34
application
ADDED from FuelID Android Studio\FuelID\AndroidManifest.xml:33:5-108:19
MERGED from [FuelID Android Studio:android-support-v7-appcompat:unspecified] AndroidManifest.xml:22:5-20
	android:label
		ADDED from FuelID Android Studio\FuelID\AndroidManifest.xml:36:9-41
	android:allowBackup
		ADDED from FuelID Android Studio\FuelID\AndroidManifest.xml:34:9-35
	android:icon
		ADDED from FuelID Android Studio\FuelID\AndroidManifest.xml:35:9-43
	android:theme
		ADDED from FuelID Android Studio\FuelID\AndroidManifest.xml:37:9-40
service#com.bimsdk.usb.io.USBService
ADDED from FuelID Android Studio\FuelID\AndroidManifest.xml:38:10-39:19
	android:name
		ADDED from FuelID Android Studio\FuelID\AndroidManifest.xml:38:19-62
activity#com.example.fuelid.SplashScreen
ADDED from FuelID Android Studio\FuelID\AndroidManifest.xml:41:9-51:20
	android:screenOrientation
		ADDED from FuelID Android Studio\FuelID\AndroidManifest.xml:44:13-49
	android:label
		ADDED from FuelID Android Studio\FuelID\AndroidManifest.xml:43:13-45
	android:theme
		ADDED from FuelID Android Studio\FuelID\AndroidManifest.xml:45:13-66
	android:name
		ADDED from FuelID Android Studio\FuelID\AndroidManifest.xml:42:13-59
intent-filter#android.intent.action.MAIN+android.intent.category.LAUNCHER
ADDED from FuelID Android Studio\FuelID\AndroidManifest.xml:46:13-50:29
action#android.intent.action.MAIN
ADDED from FuelID Android Studio\FuelID\AndroidManifest.xml:47:17-69
	android:name
		ADDED from FuelID Android Studio\FuelID\AndroidManifest.xml:47:25-66
category#android.intent.category.LAUNCHER
ADDED from FuelID Android Studio\FuelID\AndroidManifest.xml:49:17-77
	android:name
		ADDED from FuelID Android Studio\FuelID\AndroidManifest.xml:49:27-74
activity#com.example.fuelid.FuelSummary
ADDED from FuelID Android Studio\FuelID\AndroidManifest.xml:53:17-57:24
	android:windowSoftInputMode
		ADDED from FuelID Android Studio\FuelID\AndroidManifest.xml:56:13-52
	android:configChanges
		ADDED from FuelID Android Studio\FuelID\AndroidManifest.xml:55:14-60
	android:name
		ADDED from FuelID Android Studio\FuelID\AndroidManifest.xml:54:13-58
activity#com.example.fuelid.MainMenu
ADDED from FuelID Android Studio\FuelID\AndroidManifest.xml:58:20-62:24
	android:windowSoftInputMode
		ADDED from FuelID Android Studio\FuelID\AndroidManifest.xml:61:13-52
	android:configChanges
		ADDED from FuelID Android Studio\FuelID\AndroidManifest.xml:60:14-60
	android:name
		ADDED from FuelID Android Studio\FuelID\AndroidManifest.xml:59:13-55
activity#com.example.fuelid.FuelTank
ADDED from FuelID Android Studio\FuelID\AndroidManifest.xml:64:20-68:24
	android:windowSoftInputMode
		ADDED from FuelID Android Studio\FuelID\AndroidManifest.xml:67:13-52
	android:configChanges
		ADDED from FuelID Android Studio\FuelID\AndroidManifest.xml:66:14-60
	android:name
		ADDED from FuelID Android Studio\FuelID\AndroidManifest.xml:65:13-55
activity#com.example.fuelid.FuelLoadEvent
ADDED from FuelID Android Studio\FuelID\AndroidManifest.xml:70:20-74:24
	android:windowSoftInputMode
		ADDED from FuelID Android Studio\FuelID\AndroidManifest.xml:73:13-52
	android:configChanges
		ADDED from FuelID Android Studio\FuelID\AndroidManifest.xml:72:14-60
	android:name
		ADDED from FuelID Android Studio\FuelID\AndroidManifest.xml:71:13-60
activity#com.example.fuelid.FirstSettingsMod
ADDED from FuelID Android Studio\FuelID\AndroidManifest.xml:76:25-80:24
	android:windowSoftInputMode
		ADDED from FuelID Android Studio\FuelID\AndroidManifest.xml:79:13-52
	android:configChanges
		ADDED from FuelID Android Studio\FuelID\AndroidManifest.xml:78:14-60
	android:name
		ADDED from FuelID Android Studio\FuelID\AndroidManifest.xml:77:13-63
activity#com.example.fuelid.FuelOrderLoad
ADDED from FuelID Android Studio\FuelID\AndroidManifest.xml:83:12-95:24
	android:label
		ADDED from FuelID Android Studio\FuelID\AndroidManifest.xml:86:9-41
	android:windowSoftInputMode
		ADDED from FuelID Android Studio\FuelID\AndroidManifest.xml:87:13-52
	android:configChanges
		ADDED from FuelID Android Studio\FuelID\AndroidManifest.xml:85:16-62
	android:name
		ADDED from FuelID Android Studio\FuelID\AndroidManifest.xml:84:13-60
intent-filter#android.hardware.usb.action.USB_ACCESSORY_ATTACHED
ADDED from FuelID Android Studio\FuelID\AndroidManifest.xml:88:18-90:29
action#android.hardware.usb.action.USB_ACCESSORY_ATTACHED
ADDED from FuelID Android Studio\FuelID\AndroidManifest.xml:89:17-93
	android:name
		ADDED from FuelID Android Studio\FuelID\AndroidManifest.xml:89:25-90
meta-data#android.hardware.usb.action.USB_ACCESSORY_ATTACHED
ADDED from FuelID Android Studio\FuelID\AndroidManifest.xml:91:13-94:25
	android:resource
		ADDED from FuelID Android Studio\FuelID\AndroidManifest.xml:93:17-57
	android:name
		ADDED from FuelID Android Studio\FuelID\AndroidManifest.xml:92:17-82
service#com.example.fuelid.VoiceHelper
ADDED from FuelID Android Studio\FuelID\AndroidManifest.xml:105:17-107:23
	android:name
		ADDED from FuelID Android Studio\FuelID\AndroidManifest.xml:106:13-58